catalog
best-chapter-all-around
hero
technician
seventh
however
breakdown
mcintyre
motherboard
family
pper
quit
twinning
except-domestic
investigation
gtx
crest
microorganism
first
charge
scenic
kava
winner
westminster
guyton
publisher
corridor
section
visit
power
priam
lc-40
jayfeather
severely
bronze
card
faith
tournament
note
situation
spi
superior
chamonix
falcon
black
if
coc
video
selection
ballad
bury
epidural
commonly
yourself
comedy-drama
accident
moorish
method
formal
survive
h
bolden
build
mr
captive
organisation
washington
enroll
cool
1991
wood
proctor
guccione
polish-held
dressing
flared
mozambique
steam
connection
jülich-cleves-berg
monty
primairly
diner
announce
happy
abdul
hope
completely
marta
wake
united
mummythis
proded
1930
own
chi
brain
credit
senate
usually
drunk
independent
talk
through
part
puppet
well
cdn
resultant
suitable
dot-com
1820-1830
cutting-edge
8
transform
seem
indifferent
kingdom
icc
situate
kantri
545
xi
respond
canadiens
batman
ramos
decline
philip
warmth
blakeley
ensure
therein
limited-access
manipulate
window
inter
'
forceful
failure
discussion
brownstone
researcher
mhz
1995
march
joan
transmission
albert
longer
threaten
persuasion
second
self-awareness
all-star
pnc
walk
leg
take
maker
mary
tavern
beijing
specific
morton
freo
alfred
robert
reference
phylogenetic
usage
pc
xin
lengthy
base
incumbent
pdb
rely
then-president
britannica
wright
herald-the
exclusively
honour
five
padre
currently
chełmno
uncertain
shuki
pitcher
real-time
52-minute
kostroma
pennate
giselle
paul
nonprofit
actor
dedicate
university
few
bestow
start
shooting
columbia
identifier
runner-up
macfarlane
spend
r
treason
bradley
national
subdue
helminen
studio
maneuver
jefferies
matthias
cato
successful
turjak
little
vilnius
advertising
hide
straw
expire
entire
acre
n
actress
soundtrack
superposition
exchange
wuzhen
temple
access
senedh
elect
contribution
royston
people
weekly
envisage
elgin
cozzene
nearly
pdf
fd
contest
miss
secure
jeanne
critic
increase
also
brook
unchanged
real
replace
swimming
elena
actually
candidate
transfer
wagtail
broad
put
panta
taste
undof
aug
him
header
locating
holm
olšany
course
miserably
commercial
bottom
poet
gameplay
niemeyer
jedi
dinosaur
merchant
waukesha
decade
extended
aleipata
televise
8th
line
while
u
smith
whetstone
tallgrass
non-notable
relate
laura
monday
swiss
wander
arrival
use
11
grade
recently
alex
rpm
bleed
context
something
infection
central
body
fisherman
imagine
farthest
understand
summer
revolver
not
coalition
inhibition
spiral
wife
restore
outcrop
unlike
arm
individual
image
sometimes
1906
atypically
've
applied
marker
concentrate
agent
ammunition
story
tonsil
benjamin
прекрасный
roman
cia
projectile
polish
''ndi-''
annotation
andrew
propose
wireless
authority
detailed
ghetto
impossible
hold
horseman
whereby
road
circuit
soldier
co-worker
impose
cease
currie
``
jackie
西平悼公
charles
watt
north
andreno
branislav
assault
armenian
release
br
rivière
worldwide
get
date
sunday
1971
gsm
sheila
coaster
jefferson
cure
most
century
extra
concord
volvo
Świecie
hole
win
rawalpindi
logo
la
become
jack
instruction
look
emmy
low-floor
neither
wish
560
london
painful
25
convincing
oncoming
protestation
site
non-uk
ramoji
legal
judicial
anesthetic
comparable
isbn
and
9th
herd
genre
1926
intention
wheldon
cut
from
gallii
upstate
due
erinaceus
controversial
barely
consist
fee
cause
affect
compile
islamic
unbelivable
best-known
column
climb
library
brinkmann
by
link
sentence
institutionalize
sell
romantic
mercy
idea
slave
quo
wheel
feedback
curlew
truthleague
fur
author
ago
weak
voltage
deep
print
cyprus
example
send
catch
imagery
societê
1969
cabildos
good
shield
warm
aday
gupta
duchy
fundamental
dutch
integral
ric
youth
visual
fort
translation
many
those
lindman
harm
vfd
geoscientists
grossman
alan
kind
cornish
solidarity
shepley
sullivan
basin
alter
basic
encyclopedia
clarisse
other
sg
favorite
pit
balthazar
nominate
oklahoma
gospel
robin
hat
admin
interested
awareness
enable
aspect
carmody
cross
guide
disagrees
boheme
popularize
record
incorporation
sea
permanently
easy
prudentium
harry
resetting
recognize
style
midi
bjarne
svalbard
register
kirani
occupy
manage
nerve
manager
clearly
sparrow
component
size
russia
subsequently
sweating
pop
share
szemerényi
bible
joseph
ecarma
learn
beira
starter
feudal
commune
los
exhibition
notification
defect
prefecture
try
top-end
concierge
scholarly
aesthetic
draughting
game
even
award
suggest
renew
slab
hypermarket
jim
guideline
chimney
habanera
odd
omaka
wealden
federation
comic-con
best-preserved
pain
coal
local
sprung
'outstanding
morning
development
anthem
agreement
ap
1835
alternative
calculated
catalogue
rocket
district
winona
-
slide
republican
grudziądz
notion
16
ac
gradual
select
levitt
appellate
rod
nine
einführung
lindley
performance
education
zellinger
suvi
owl
reliable
tool
antibiotic
chief
gag
hildburghausen
vandalism
1750
soon
exclusive
exceed
rule
signature
integer
printer
herscovitch
compete
doom
well-defined
judaism
unlucky
copy-editor
1850
edition
poblacion
salem
effort
milan
insert
facilitate
invade
lifetime
set
catesby
systemic
stephen
crawler
palette
crane
refactoring
findlay
towards
prefix
pulini
harlem
educational
twofold
long-standing
break
article
riffage
remodelled
wisconsin
portugal
澧州
mountfort
tooth
davis
handelian
hervorragender
rap
1813
political
vessel
box
former
scope
youkilis
kikuchi
justinian
hit
particular
sudden
schumann
medcap
dress
suspect
1990s
protect
flank
about
sure
trash
progress
fifty
albanian
inadequacy
engineering
coal-fired
cheek
land
carbide
friendly
thing
pond
dyer
iii-iv
greatly
staff
wrestler
acid
honor
winter
together
ceo
chat
population
asmik
apply
easyrider
caledonia
hop
greater
aboard
deprive
1997
delle
shack
receipt
moon-based
structure
genuinely
city
fin
asteroid
delgado
synagogue
elizabeth
downturn
informational
assertion
doncaster-built
entry
message
1973
lord
textbook
hahnchen
goat
harass
contrast
mike
bias
illyrian
down
large
ourselves
ian
research
tracer
review
bodkin
now
concern
result
h-net
simply
nilpotent
seth
general
single
criterion
name
christian
like
bed
lyric
matthew
dick
treatment
globe
carril
prose
vision
september
chain
outside
akin
prospect
genius
europaeus
noteworthy
after
alive
thread
standard
house
seinfeld
akademija
bischofrod
judd
specie
lionrock
formalize
malicious
collection
set-top
cannon
content
prinz
last
saw
1959
possible
monster
practice
in2s3
trace
columnist
saint
lance
depend
standing
metacritic
bubble
tuner
175
dawn
leader
back
comprehensive
rally
calendar
stage
of
turn
bandit
pearce
daily
equally
reactive
hear
rfa
flagship
c
abroad
oligo
slaveowners
bc
anna
forward
submit
hunting
95
administer
e-mail
née
elaborate
wonder
closer
consider
soft
compare
90
saraburi
legendary
macedon
gcse
civic-minded
your
commerce
scottish
bambi
heartless
somatosensory
work
moore
exist
entirely
broadway
evidence
formally
2
xiii
anthony
loading
early
at
knight
vernacular
viscous
honey
skin
initial
piece
crucial
38
perforate
monarch
ittihad
income
yeshiva
step
pinnate
collective
conservative
diocese
duo
reconsider
kutchery
facilitiesthe
aetobarbakinoides
billa
witness
ice
partija
17
ti
retainer
seimas
smoke
fiercely
implementation
buckley
principal
titular
privately
fresh
for
female
ng106
france
during
decision-making
semicrystalline
community
elle
kill
disrepair
arthur
zucker
dürer
counterattack
attention
deliberation
kotoński
availabe
juan
slam
close
britain
archaeologically
curious
electronic
volo
julian
theater
perform
recognizable
company
hand
project
vi
greco-roman
recommend
variable
customary
impression
chris
watery
oversampling
diffuse
approach
drink
history
panel
gregory
preparation
potsdam
;
guest
davison
submarine
meet
third
rapper
track
diminutive
tea
remove
victory
excavation
disqualification
pilaster
undo
camera
each
pirate
murky
shakespeare
subvariety
77
packaging
redirect
shiva
dellums
rough
1944
website
wait
case
effective
altham
class
lp
resemble
scale
garden
steal
digging
circumference
introduce
indochina
symbiotic
besides
self-sufficiency
hard
1901
song
canvas
model
electrical
33
ignore
venetsanopoulos
communication
22
young
morbius
farmland
murphy
oppose
eldest
emil
detection
main-line
synonym
2009-2010
frantic
müller
11-4
eller
pair
modern
quote
1515
teach
radiation
valley
french
ali
lock
tabula
amateur
steincke
frightening
tazarotene
launch
appointment
br25
blandford
enlightenment
shelter
51
shot
develop
recent
adoption
posterior
fortunate
policy
viii
efficiently
bok
radio
confirmation
repeat
minor
southern
sign
spell
14
film
60
rise
blake
biographien
silently
interesting
walter
search
newcastle
discrimination
associate
fifth
verify
artur
ten
republish
declare
exploit
fermentation
money
marko
bug
seer
morse
respectively
suburb
buddy
techniker
pflanzenverenie
complicated
agile
configurable
introduces
'iii-iv
resolution
building
though
golden
precinct
quite
ix
hyde
generic
theoretical
contribute
bulkhead
warsaw
on
dub
resettle
divorce
half
manuscript
cristina
pitcairn
both
vowel
gopeshwar
1952
grass
're
flesh
mystery
invest
later
純嘏
service
merely
long-time
fibrosis
henslow
repair
threat
aircraft
1916
explain
disney
hulk
banana
piteously
alike
23
cancer
meat
usno
darién
uplift
before
janine
wideworker
resident
finish
glover
attack
assistant
army
1981
battle
1911
terry
deliver
degree
lehrbuch
dinard-saint-Énogat
around
surface
whangarei
18
spanish
viet
gun
600
dune
vattagamini
protocol
clue
façade
bibendum
inner-city
sink
mason
scare
continually
follow
rbx
appear
henry
deplore
nymphalidae
composition
maid
hungry
grammar
georgia
biofuel
estelle
red-hot
music
group
kim
boston
tag
bibliography
kelley
prototype
sondheim
stock
diff
order
algebra
patriot
kanej97
chapman
somerset
movie
diagram
receive
jorus
below
leakage
simon
havurot
lend-lease
lode
check
maintenance
confinato
host
kapellskär
math
peter
73johnson
f12berlinetta
israel
them
melanie
rain
recount
gandhi
champion
responsa
report
eventually
arrest
lake
cv
neighborhood
dot
alpenus
dodson
save
bad
yacht
mehgaon
inferno
reflect
full
carmichael
highest-circulating
hypnotic
mca
volute
network
grey
continuity
silver
cdma
deforestation
nhl
suddenly
capital
inspection
gorse
can
previously
adl
resent
fledgling
triphosphate
pacific
heartland
's
file
chili
tower
english
room
rotate
episcopate
clean
long
organ
misery
infobox
adaptation
suggestion
girlebooks
native
wallace
counter
2525
1974
propulsion
the
twice
birgit
fibt
slight
non-profits
ntsb
''
syndicate
support
following
significant
exact
will
1313
reserve
judge
shanghai
delta
varies
tree
main-belt
lambeth
questioner
devon
schmidt
july
samoa
online
labour
mile
interview
no
jiangling
timeline
contemporary
giant
vayassunami
struggle
heart
brazil
beit
hill
imam
republic
bird
n't
admiral
playwright
mahavira
score
artist
user
rappahannock
his
linz
here
third-person
bay
activitythe
home
program
complete
tom
co-inventor
lit
right
limestone
deem
immediate
statement
mendonca
false
drop
walsh
leninakan
zune
lief
nixon
python
spinal
nvidia
olivier
rouge
halle
hall
county
atlantic
fred
settler
niche
ii
stadium
regional
na
per
highly
minister
passion
same
myself
2013
magnify
angel
copy
loss
populate
strong
length
sumer
sponsor
watson
canada
sharp
end
heady
harrison
position
oratorio
dominant
subsequent
department
ireland
mean
but
aalesunds
thurgau
never
marquee
assistance
hale
chan
cite
badly
chef
division
cooperation
disaster
34
eustace
despise
reconnaissance
hastert
e
continue
saint-Énogat
setting
dr
rural
dao
bung
system
originally
warming
analytics
diego
bob
tribute
background
module
geforce
2000
bergiaria
blissett
smart
ruffian
despite
least
chord
representative
facial
sense
whitish
punishment
thus
sake
jazz
csd
certainly
addition
soyuz
eastmoor
undertake
experiment
one-day
scar
discuss
closet
scott
earth
wheelock
school
clare
floor
world
invisible
allan
unimpressive
afridi
require
ethnicity
courthouse
30
pre-20th
jan
brady
benefit
asia
unstable
welch
vertical
rear
mutter
led
mireille
adventure
1879
spoon
ben
'armored
flagrant
vampire
state
rank
enhancer
free
adviser
college
south
arno
magic
cat
misérables
technological
equal
nevins
counterpart
maximum
location
jerusalem
worth
byelorussian
speaker
box-ironbark
possibility
1942
wig
crew
when
successor
coverage
play
wąbrzeźno
linger
mcreynolds
nature
1720
throat
1939
so
time
jurisdiction
compose
watchmaking
mission
inman
listen
uri
infringement
vip
under
japanese
campbell
dolphin
view
as
sometime
news
defeat
shattenkirk
consortium
cognate
sugar
aristotle
respiratory
lincoln
men
belief
activation
accelerate
marius
obtain
leftover
jersey
reality
playing
accord
savvis
blister
plan
outline
light
chairman
continued
bucolic
dependent
down-to-earth
without
tarbosaurus
rice
active
find
1978
sar
prove
''ndoo-''
natural
moth
amp
closely
you
life
op
planning
okinawa
blaze
phonographic
frame
formation
electric
tutor
uttarakhand
birnbaum
sharma
el
out
redmond
abduction
flock
andreae
taxobox
office
iain
round
design
others
lift
legend
milky
tripoli
firmly
publication
affair
factory
thousand
just
off
17th
pyramidal
prison
although
against
every
scan
forty-niner
toronto
hobbo
belgrade
7200
sortable
minimum
especially
value
familiar
someone
g-ozbi
leaf
balanced
great
collision
keifuen
3-series
autoshape
relief
relation
choose
refutation
idealize
dwarf
willingly
since
coronation
motor
spring
prior
pixel
venetian
mouth
bibulus
argument
return
amplification
create
invite
event
flash
mask
alloy
globally
need
nelson
thomas
bench
dna
artistic
efference
month
newbie
jingnan
habsburg
ground
believe
motorsport
pull
esposizioni
stomp
mistake
recognise
zulupad
cdp
terravin
jessica
software
willie
san
literal
technology
should
oblivious
laser
1024x1280
folio
traffic
lengths
aetosaurs
correctly
behind
december
sir
regularly
claim
tourism
hockey
quality
solar
1820
dave
gubby
1983
ha
segunda
ottawa
middle
switzerland
mfd
squadron
1
lexington
difficult
ökologischen
michał
page
himself
form
fill
rating
alto
dalhousie
chungu
illimitable
computer
baruch
barstow
post-
conspires
ingot
stall
sociedades
internal
word
recall
1790
which
grand
again
tabloid
sony
civic
beat
market
my
lower
description
zhaozong
32
sister
diet
trail
rogers
adequately
procedure
closing
mcc
purple
weekly-
rider
beach
ruin
trust
geometry
35
virginia
olefin
moreover
court
territory
julia
hot
precision
creative
occur
campanile
dogmatism
aguinaldo
7900
parish
wuthering
quentin
ishwar
else
cabinet
vote
kroft
tilt
sonata
espasandin
eastbound
act
trend
funding
flair
rainwater
heavy
baseball
doctrine
height
numerous
delete
herring
1917
brown
enough
walker
emerge
hornick
incorrect
scoop
alistair
binomial
mining
dyk
senator
erect
camel
fish
conflict
mind
signal
bánáthy
europe
singer
31
parson
ir
ritchie
rugby
theodore
important
academy
mediawiki
banner
quincy
sport
9k
frequently
effortlessly
rebecca
shallow
want
ozzie
sockmaster
hungary
saratoga
aplomb
additional
charter
commission
co19
management
contentious
dohc2
tax
anything
upon
express
pepperrell
!
camp
mauritius
democratic
larva
various
2008
speak
foreign
phraya
mentoring
notably
endemic
shahid
lid
fertiliser
optional
religious
techwr-l
sectional
anymore
format
secular
supplement
fannin
pearl
face
master
700
musician
subgiant
processor
assembly
stop
3
investigator
key
judgment
poster
owen
foothill
norway
pretty
liberate
pumping
jean
silhouette
helen
similar
denticula
inaccurate
sub-saharan
kane
imply
voiceovers
xiwanggongcheng
reach
run
blp
chiang
letter
kingfisher
response
poll
guidance
campaign
uk
jon
read
higgs
crawling
1984
novel
side
hermann
switch
whole
capture
might
brettingham
kwarasey
nairobi
denmark
maybe
hence
minimal
instead
feed
pittsburgh
board
lapin
presume
friendship
friend
forbid
difference
lap
involve
il
aftercare
among
circle
chatou
ames
raquel
transaction
conclude
kamo
walt
downwind
magazine
vivekananda
movement
competition
meazza
deceptively
panyd
premise
brace
robbins
useful
omi
inscription
substantial
knoblauch
constituency
canadian
celebrity
assign
bruce
disarmament
begin
blue
fremantle
do
convention
1740
would
gaudy
postclassic
over
generate
cave
passionate
john
qinghai
verbal
eine
herrick
nrhp
missile
robinson
taylor
ars
a
guarantee
helpful
expiration
scout
theory
supernova
define
reconcile
august
big
diagrammatic
average
existence
whose
miasto
official
125th
george
abusive
minute
mawu
popular
once
secularism
amazing
1996
suzhou
airline
requirement
paraná
brian
magnesium
father
guinea
1903
fac
carisbrook
jose
1957
comment
corticospinal
superstore
registration
slavery
similarity
texas
48-year-old
fun
swelling
ship
aba
1920s
legion
sinclair
river
fund
000
comitat
wriggle
place
slipknot
combination
possess
speed
today
travel
penalty
white
cyclic
arrogant
show
kokoschka
crash
possibly
boson
match
arrives
al
edit
front
quebec
italian
continent
inspire
constant
within
unify
lack
multiple
halt
span
maggie
retorno
printed
carry
several
ted
monkey
certainty
flight
residence
fatman
majority
vineyard
sylvester
withdraw
oxalic
miriam
arc
election
domain
these
career
almost
re-afferent
tank
corus
chinaman
memory
platana
deliberately
club
subjective
comic
heat
rebuild
justification
discover
1839
function
bacteria
etc
electricity
trench
then
northeastern
jeff
slowly
chemistry
colombian
1940
thought
tinge
transmit
dermatologist
graveyard
impact
porter
intervention
normally
marquisate
defastenist
professional
barason
foundation
quarter-finals
isni
definitely
kiss
enter
cunning
2957
bill
union
michigan
bell
plantation
hoffsegennon-notable
pact
105
lars
tanya
rb25de
1979
debut
tresillo
flaky
one-way
figure
coulthard
membership
overthrow
oskar
weald
1632
arrowhead
1945
manitoba
sharkey
to
1x
ece
major
disruption
re-arrested
permit
enhanced
by-election
authenticity
proposal
trojan
10
routing
904
change
shikamaru
prominent
airakuen
lovell
anyone
uncover
way
daniele
statute
pelham
parent
consecrate
darien
our
exhaustive
notability
biennale
william
jam
valid
hollywood
add
regain
devote
financial
tiny
military
captivity
darbo
sith
pertaining
allah
1650
two
some
cuba
reluctance
1998
supermarket
ssr
narrow
seller
temporary
urn
ethnic
iii
monico
roosevelt
crisis
three
implication
třebenice
block
congregation
o'hagan
range
mass
retire
german
pudding
pay
near
deceive
stand
anuradapura
one
survivor
thick
he
b7tls
hedgehog
officially
mainstream
melissa
comet
say
employment
1900
czech
disease
display
1291
personality
administration
western
station
detect
label
either
wlup
pope
widen
allow
norwegian
still
ace
airbus
manolin
rhinoceros
sit
demonstrate
leave
questionable
commissioner
evaluation
lionel
picket
lightning
longitudinal
hair
bass
slit
thome
route
argue
chair
authorship
australian
ranking
66
ed
licensing
principle
maya
omit
b
ordway
trial
kenneth
scarcely
park
earthen
ray
bit
progressive
star-times
fisher
connecticut
planet
tigray
love
librarian
lawyer
mysterious
tigrayans
jimmy
deed
lobe
tape
february
chess960
scene
governor
protest
gain
1909
bulfinch
medallion
census-designated
gubernatorial
1990
subsidiary
shoot
confederate
bebearia
1985
go
appoint
sandra
thetan
der
foment
pete
naturwissenschaftler
1963
apparently
f4
that
secret
annex
1500
ferment
waleria
steve
g
fall
meaning
jock
submerge
flatin
album
gelasian
teacher
irreverently
mathematics
buffalo
palatinate-zweibrücken
next
come
injection
production
bizarre
ridgeway
featured
tradition
serious
orcid
in
sulfide
peterculter
respect
conybeare
grove
''nda-''
far-flung
period
tyto
henshall
ask
it
stale
pose
june
humanity
drywall
combine
business
abandon
fate
commercially
assassin
13th
hour
internet-based
china
arrange
fk
yet
11a511
wreck
lupus
duchamp
reaction
1484
ashrama
avenue
justice
fm
output
billboard
junior
joe
they
reward
bdna
multicolor
denudation
bank
afro-cubans
please
tell
employ
true
independence
trick
than
regular
brugge
somebody
identify
california
musicianship
air
forest
keiaien
ride
fact
specimen
law
collapse
sgt
historic
folk
brother
catfish
prohibit
billy
glint
commentary
move
often
riot
fuhre
a321
mountain
austrian
aggregate
organize
color
tzora
whilst
russell
blend
construction
intel
council
amount
day
interact
overrun
pollution
apt
herself
footballer
ancuabe
architecture
screen
slightly
clinical
--
couple
constance
1966
petition
dollar
removal
dockyard
chinese
ruler
mileage
tethering
bunch
eight
skien
flee
higher
palazzo
ulex
sea-areas
accept
colonisation
gunman
panama
embryologist
current
tucker
constantly
cabo
realization
4
pe
colm
red
akron
domineer
there
much
ur
palace
commander
ddr2
sound
buy
seek
warner
baker
muzzle
repel
commit
src
plaque
deal
occupying
live
pacheco
galassi
resource
operational
bishop
source
irrationalism
irishman
appropriate
her
cemetery
determine
historian
gate
'perspectives
necessarily
australia
italy
absorption
arbiter
realize
help
1955
platform
lithuania
richard
bat
along
darlinghurst
kludd
avalanche
.
cooper
brand
deputy
really
human
eastern
mediziner
accompany
dyan
previous
colby
beginning
x
opposition
ready
xbox
ng97
xii
me
rhuallt
velocity
jealous
avoid
municipality
freeze
where
upper
7
urmény
training
all
yamauchi
fellow
eg
kidnap
paasikivi
adhesion
iconoclastic
offer
assume
writer
complex
oberlin
refuse
sru
resign
oh
province
pertain
elsewhere
drive
kelly
season
furze
reconstructionist
contain
concert
sector
2002
island
intelligent
en
directly
particularly
wave
cost
roxanne
12
question
recognized
separate
clause
sequential
bewilder
integrate
7900gs
england
cavity
nothing
purpose
worker
loin
undercut
long-whiskered
essex
household
dockery
locate
exile
viewer
ear
le
post
best
literature
target
archive
defastenists
displaced
sun
text
doc
despondent
feud
elli
science
collaborative
coronary
intend
ccd
success
cover
indicate
non-wrestling
404
amendment
encyclopedic
chincuya
pitch
incorporate
1900s
willemeit
su
low
refuge
recommendation
wide
saunders
inconsistent
jase
star
original
connect
convert
academic
hesitate
execution
mangubat
antler
kent
watch
harvey
wrestlingin
picture
peck
31st
tīrthankaras
rare
call
small
imperial
hakuhō
28
hatred
nord-pas-de-calais
depatie
filipino
retirement
colonize
material
rebel
enjoy
73156
interest
influence
feel
orphan
kit
stadlbauer
sam
garlic
very
hafsid
troop
apostle
fez
store
poem
ingall
easily
barcelona
phone
tractor
homecoming
examination
scorecard
four-man
intermittently
supercomputer
ehc
banton
classically
cutter
gravitational
hungarian
,
uv48
spot
wound
hennessy
humane
could
prequel
visible
rat
lockyer
overlap
exception
organise
she
alcmene
feature
settle
actual
lissitzky
an
attendant
europort
theme
tautiška
changde
wine
mini
visayas
appearance
constitution
competence
instal
1999
ny
wesley
write
sanatorium
practitioner
india
africa
animora
security
war
overall
fauna
die
information
main
3-593-35842-5
pr
circus
device
purchase
achieve
sata
may
belongs
specialization
jewish
pflanzengeographie
clarinet
denote
moment
senior
ingredient
mcshane
prowess
role
clergyman
1976
1989
further
hardly
green
opinion
process
passer
correct
sociology
publicly
vastly
stick
marcia
kernow
poetry
art
neutral
tend
phoenix
problem
bong
separation
nickname
kelapstick
wall
separately
dell
mieczysław
quequeisque
densely-forested
produce
eighty
must
therefore
jane
second-person
segment
crime
tendency
via
nylic
paw
1968
bowenvale
person
vesiculosum
1972
deletion
24
keegan
limitation
four
branch
agree
pimpuigi
unable
clarke
moral
sort
burges
friar
ethiopian
1922
du
domestic
atsc
survey
premier
di
parietal
pending
external
luminosity
hercules
sprinkle
獨活
sight
lie
selective
2x
split
viable
luther
bu
ukraine
preaching
inaccuracy
celebrate
term
mount
clan
reasoning
upson
ulcinj
Étienne
attempt
2012
first-year
27
somewhere
devolved
frick
altona
license
head
underserved
sheridan
karez
herbert
undergraduate
weed
21
available
shop
placid
2011
huge
drake
stag
church
comedian
]
16th
likely
istanbul
civilized
tuition
organization
levy
collaboration
boyardee
pig
title
nct
iron
force
yaviza
dark
advaita
titan
madère
corey
guillén
rival
berkman
east
let
monogram
p
cast
reason
iv
cruise
woody
contributor
morotai
opportunity
soviet
larvik
level
tech
upload
portion
neurology
wrestling
apple
kibbutz
draft
repugnancy
recap
handing-over
zsc
we
water
defenceman
throughout
bobbio
argentina
emotion
d-dock
supertrack
i
mongol
trooper
pass
weather
2005
campus
first-person
faculty
ally
typothorax
liang
dome
characterize
toward
everyone
subcontinent
gamecube
lei
past
space
c'baoth
above
bather
courtney
speculate
or
montagu
fan
probably
monument
consume
sue
1871
product-line
macready
200
likelihood
core
19th
otter
vault
object
total
messageboard
advanced
starring
short
deception
stone
tract
seeps
d
slav
war-torn
formerly
fundamentalism
soliloquy
violation
luis
4th
endanger
aes
nfl
characteristic
drummer
portsmouth
genevieve
jean-baptiste
special
yard
heavily
vicky
expose
shape
the-first
freshman
curve
absolutely
2-year
year
capacity
edward
nearby
application
mandir
already
festival
tune
dry
brighton
chao
deserve
1965
sahagún
macedonian
89
1987
participate
braunschweig
bedding
nero
downloads
care
girder
utilize
xps-branded
yield
scientologist
operate
spread
summary
orbit
freeway
request
plot
boiler
secondary
category
templating
expectation
joplin
20th
institute
hotel
self-generated
offense
partisan
remote
nom
kunsthistorisches
sindh
american
control
smisek
fail
open
able
cui
stack
bros
team48
simple
jackson
occasionally
stepdaughter
titration
analysis
granite
mega
2013-14
social
debt
creditor
29
kick
resin
float
s
contribs
congressional
stretcher
know
4-6-0
umayyad
hoshizuka
sungshin
pot
found
complication
ivanović
stanley
nbc
chandra
unknown
command
this
131
indhira
pattern
1919
coloured
athletics
suicide
kooyoora
private
mara
symbol
prabhakar
repaint
steven
saigon
thrown
facto
albertosaurus
party
extremely
truly
lang
guild
who
willingness
husband
danford
wilson
book
fictional
pediatric
vein
wrong
car
sydney
cult
their
soul
contact
luger
full-length
imagination
update
alumnus
molotov-ribbentrop
nasir
member
relegation
bodes
diode
clinton
apart
isabela
rest
into
data
civility
proto-indo-european
leistungsklasse
expand
bear
argo
guy
type
extract
capitalism
potentially
lidocaine
physical
establish
stuff
openoffice
zoroastrian
how
2003
editor
frighten
director
normalized
20
up
partially
distribution
id
conclusive
eighth
matt
obec
biological
arctiidae
version
between
another
patient
chapel
awful
haczów
government
account
arizona
wikipedia
yankee
essential
kwidzyn
medal
lion
tour
15
duhuo
prepared
gulch
sandstone
rosslare
notable
disc
african-caribbean
team
criminal
japan
pure
canal
simplification
hawaii
infallibility
williams
passenger
six
1940-1946
rebut
coburn
1970
verb
公純嘏
consistent
1953
margravate
password
antisemitism
remember
st
normal
railway
razzaq
genus
fuel
farmer
prod-tag
fear
driver
echidna
professor
centre
1992
thermoforming
læsø
swami
cancellation
code
creation
association
famous
michael
triomio
noindexing
climate
aclu
homelife
'm
citycards
amorites
maryland
remain
michelle
nintendo
draw
włodzimierz
ability
list
gang
away
always
deceleration
scheme
guess
what
1898
snout
adelaide
gray
issue
heard
uga
advocacy
mutiny
rather
gongchungu
smolder
mechanisation
itself
leaf-letting
public
dilute
winchester
october
indium
tan
treatise
nomination
keep
address
br6
drift
suffragist
seven
dispersal
papua
metrolink
reverts
wear
typically
tropical
focus
gon
''n-''
language
moisturizer
point
such
immediately
pressure
delegation
336
todd
grow
elementary
any
eigrp
powder
characteristically
common
racing
coat
harbour
uncertainty
whisker
census
caprice
2009
surgery
death
pitstops
president
graduate
interior
journal
merge
frankfurt
ethno-methodological
prevent
1915
jerry
episode
promote
1967
conversion
moosonee
border
6
originating
highway
police
museum
carniola
milnrow
iława
1874
queen
present
titanium
howard
distributor
carey
final
serve
retain
1865
potable
america
representation
cup
arrive
awe
xiping
stretch
de
graphic
render
playstation
roller
with
tail
child
november
carve
center
duke
have
comcast
1606
aleksanyan
nam
socialize
aboriginal
pakistan
ntr
amazona
truth
debtor
barnes
measure
variety
swartz
storm
condemned
wyatt
liu
florida
medallios
13th-century
otherwise
york
restart
vii
ghana
neighbor
1324
variously
bulbophyllum
bruford
dream
amazonense
unless
wing
race
audience
sweet
ferris
provide
sequel
intensity
sock
five-step
old
night
conservatory
daniel
lowaneumawat
civil
area
allege
doubt
betray
topic
1838
broadcasting
allen
relative
discontinue
subject
northern
bębnów
merchandise
across
fit
effect
fully
multifaceted
everett
be
operating
''nd-''
ruling
football
region
massacre
fat
racial
assess
environment
explanation
rid
plover
taught
initially
only
2004
publish
45
peace
lead
commemorate
baton
rock
caution
man
100
mark
magically
deactivate
namtheun
thoroughfare
vysočina
yuan
shemesh
xizong
)
zealand
1934
apprentice
safe
0-0-29
pier
rotterterode
engagement
sunshine
harmony
originate
carrier
ninety
gateway
aznar
sdram
village
debate
kenntnis
eccentricity
tdma
glowingly
poland
municipal
permission
unit
2010
hurricane
14th
global
defrutum
product
1982
cbs
richards
abhaya
broadcast
player
kin
strange
valagamba
ever
ext
unusually
douglas
see
chip
clerk
wan
coach
challenging
thuringia
advocate
26
boat
country
street
destroy
59th
motto
selector
nor
spiritual
anti-inflammatory
44
west
represent
reverse
hypothesis
canaveral
kakuzu
auditing
correspondent
marry
sussex
interrogate
eudonia
girl
dispute
dunno
double-banded
ross
verse
83
energy
pryekrasnyy
dealt
royal
adam
clarridge
třebíč
cap
dragonfly
gotham
watchmaker
geophysicist
abuse
widely
inside
angeles
duane
mostly
acquire
vaghy
neutra
fbi
administrator
ache
fast
operation
am
amid
und
donald
age
1882
contract
venice
flamboyant
bd
ceremony
v
livery
jiang
orla
nordiques
orchid
2007
think
f2
cluster
0
far
tamil
maudlin
lane
ukrainian
week
league
neat
ought
academia
eyada
dollmani
gaming
m90
southeast
govern
consensus
unearth
bowl
demand
status
tactic
360
odi
kokoszko
regard
relevance
antonio
derek
sensor
heaven
decide
perkins
variant
5
retrieve
notice
finnish
maintain
include
transition
physician
grant
food
engram
bypass
shakebags
natalio
commerzbank-arena
proud
seed
son
april
wale
prairie
uphold
stay
coupon
give
caesar
cornell
metalcore
centimeter
[
relates
action
nowe
xiv
late
improvisation
copy-editing
aglophilic
marking
irrational
sensation
tehsil
brick
methodest
decision
freshwater
emi
minority
filippo
until
grid
nagoya
bathroom
bathing
series
executive
trophy
roundly
direct
lackawanna
hackett
sail
ōzeki
devotee
pitbull
ironwork
ganser
giesmė
colorado
hindu
number
hauptman
fight
relaxing
superstores
'that
made-for-television
evolutionary
hybridization
phrase
butterfly
join
stun
fire
historical
subsidy
dissent
marvel
largely
eye
inning
owner
zurich
property
except
aim
fog
joshua
paragraph
redwall
relatively
too
lawrence
labor
clear
1937
surround
1-2
uefa
campeonato
primary
mini-series
ririgidi
tv
ofsted
slow
brodnica
door
officer
woman
uncommon
irish
sopocko
different
reading
translationenglish
study
protection
bring
freedom
wolverine
defense
finally
field
encounter
chalice
sandbox
continuously
touchpad
mill
million
refer
highlight
beyond
rhythm
challenge
orczy
shotgun
jay
illness
classic
television
error
string
meeting
seal
massoud
naval
solution
entertainment
more
2001
tiger
exhibit
signage
ban
town
navy
castle
limit
2048x2560
chamoli
bone
top
regulatory
lemming
memorial
soda
template
corp
installment
quartet
orleans
catholic
fossil
hassan
annually
similarly
norfolk
january
society
universe
amorphous
rip
merzproject
(
new
ideal
1993
stroud
holden
71
fa
mention
steiner
activity
root
melody
microsoft
downward
paper
parliament
arvid
west-bound
bombay
championship
cortex
extensive
parameter
character
divine
rationale
mother
pp
lecturer
farm
cheese
bin
dianetic
br7
crimean
whether
waste
xinglong
germany
ip
experience
russian
universal
rapid
rebellion
therapy
rate
knowledge
unfortunate
generally
creator
cricket
li
12th
instil
emperor
repêchage
vacker
plant
captain
judgement
allmusic
student
square
james
mindanao
1374
uproariously
pas-de-calais
1st
elamite
libron
king
dobson
2006
gopinath
constitutional
band
1500s
supper
indian
relevant
atomic
spite
regardless
mental
make
periphery
anaheim
stang
recurrent
deras
drag
medical
estimate
posture
dodds
iris
definition
superhero
veteran
vienna
fiedler
restrict
because
latter
tina
yeoman
promotion
wizard
vatican
celebair
projection
international
inn
parade
habitat
l
macal
high
volume
